<?xml version="1.0" encoding="UTF-8"?>
<!-- Generated by org.testng.reporters.JUnitReportReporter -->
<testsuite hostname="DESKTOP-GOMK6OD" name="Academy.HomePage" tests="2" failures="0" timestamp="21 Jun 2017 21:51:58 GMT" time="27.042" errors="0">
  <testcase name="basePageNavigation" time="5.618" classname="Academy.HomePage"/>
  <testcase name="basePageNavigation" time="21.424" classname="Academy.HomePage"/>
</testsuite> <!-- Academy.HomePage -->
