<?xml version="1.0" encoding="UTF-8"?>
<!-- Generated by org.testng.reporters.JUnitReportReporter -->
<testsuite skipped="0" hostname="Vamsis-MacBook-Pro.local" name="TestSuites.AddRemoveMember" tests="1" failures="0" timestamp="08 Sep 2017 18:59:36 GMT" time="42.082" errors="0">
  <testcase name="verifyLobbyLoginGotoMyApplicationsAndTMTP" time="42.082" classname="TestSuites.AddRemoveMember"/>
</testsuite> <!-- TestSuites.AddRemoveMember -->
