<?xml version="1.0" encoding="UTF-8"?>
<!-- Generated by org.testng.reporters.JUnitReportReporter -->
<testsuite skipped="0" hostname="Vamsis-MacBook-Pro.local" name="TestSuites.HeadlessBrowser" tests="1" failures="0" timestamp="14 Sep 2017 18:46:15 GMT" time="38.644" errors="0">
  <testcase name="testHeadlessBrowser" time="38.644" classname="TestSuites.HeadlessBrowser"/>
</testsuite> <!-- TestSuites.HeadlessBrowser -->
