<?xml version="1.0" encoding="UTF-8"?>
<!-- Generated by org.testng.reporters.JUnitReportReporter -->
<testsuite name="Academy.validateTitle" tests="1" time="0.127" ignored="0" failures="0" timestamp="21 Jun 2017 21:45:46 GMT" skipped="0" hostname="DESKTOP-GOMK6OD" errors="0">
  <testcase name="basePageNavigation" time="0.127" classname="Academy.validateTitle"/>
</testsuite> <!-- Academy.validateTitle -->
