<?xml version="1.0" encoding="UTF-8"?>
<!-- Generated by org.testng.reporters.JUnitReportReporter -->
<testsuite skipped="0" hostname="Vamsis-MacBook-Pro.local" name="TestSuites.FriendAndFamilyList" tests="1" failures="0" timestamp="08 Sep 2017 18:30:23 GMT" time="133.830" errors="0">
  <testcase name="verifyLobbyLoginGotoMyApplicationsAndTMTP" time="133.830" classname="TestSuites.FriendAndFamilyList"/>
</testsuite> <!-- TestSuites.FriendAndFamilyList -->
