<?xml version="1.0" encoding="UTF-8"?>
<!-- Generated by org.testng.reporters.JUnitReportReporter -->
<testsuite skipped="0" hostname="Vamsis-MacBook-Pro.local" name="TestSuites.AddMember" tests="1" failures="0" timestamp="06 Sep 2017 19:32:08 GMT" time="12.666" errors="0">
  <testcase name="tmtpAddFriend" time="12.666" classname="TestSuites.AddMember"/>
</testsuite> <!-- TestSuites.AddMember -->
