<?xml version="1.0" encoding="UTF-8"?>
<!-- Generated by org.testng.reporters.JUnitReportReporter -->
<testsuite skipped="1" hostname="dcsc-cnu430bgwz.hq.ad.hilton.com" name="TestSuites.validateNavigationBar" tests="1" failures="0" timestamp="31 Aug 2017 02:27:46 GMT" time="0.000" errors="0">
  <testcase name="validateAppNavBar" time="0.000" classname="TestSuites.validateNavigationBar">
    <skipped/>
  </testcase> <!-- validateAppNavBar -->
</testsuite> <!-- TestSuites.validateNavigationBar -->
