<?xml version="1.0" encoding="UTF-8"?>
<!-- Generated by org.testng.reporters.JUnitReportReporter -->
<testsuite skipped="0" hostname="Vamsis-MacBook-Pro.local" name="TestSuites.ICJQuickSearch" tests="1" failures="0" timestamp="15 Sep 2017 13:29:14 GMT" time="58.485" errors="0">
  <testcase name="icjApplicationLoginAndVerifyQuickSearch" time="58.485" classname="TestSuites.ICJQuickSearch"/>
</testsuite> <!-- TestSuites.ICJQuickSearch -->
