<?xml version="1.0" encoding="UTF-8"?>
<!-- Generated by org.testng.reporters.JUnitReportReporter -->
<testsuite skipped="0" hostname="Vamsis-MacBook-Pro.local" name="TestSuites.ICJQuickSearch" tests="1" failures="0" timestamp="22 Sep 2017 19:32:11 GMT" time="73.293" errors="0">
  <testcase name="icjApplicationLoginAndVerifyQuickSearch" time="73.293" classname="TestSuites.ICJQuickSearch"/>
</testsuite> <!-- TestSuites.ICJQuickSearch -->
