<?xml version="1.0" encoding="UTF-8"?>
<!-- Generated by org.testng.reporters.JUnitReportReporter -->
<testsuite skipped="0" hostname="Vamsis-MacBook-Pro.local" name="TestSuites.ICJQuickSearch" tests="1" failures="0" timestamp="13 Sep 2017 15:56:43 GMT" time="57.638" errors="0">
  <testcase name="icjApplicationLoginAndVerifyQuickSearch" time="57.638" classname="TestSuites.ICJQuickSearch"/>
</testsuite> <!-- TestSuites.ICJQuickSearch -->
