<?xml version="1.0" encoding="UTF-8"?>
<!-- Generated by org.testng.reporters.JUnitReportReporter -->
<testsuite skipped="1" hostname="Vamsis-MacBook-Pro.local" name="TestSuites.ICJQuickSearch" tests="1" failures="0" timestamp="22 Sep 2017 14:42:27 GMT" time="0.000" errors="0">
  <testcase name="icjApplicationLoginAndVerifyQuickSearch" time="0.000" classname="TestSuites.ICJQuickSearch">
    <skipped/>
  </testcase> <!-- icjApplicationLoginAndVerifyQuickSearch -->
</testsuite> <!-- TestSuites.ICJQuickSearch -->
