<?xml version="1.0" encoding="UTF-8"?>
<!-- Generated by org.testng.reporters.JUnitReportReporter -->
<testsuite skipped="0" hostname="Vamsis-MacBook-Pro.local" name="TestSuites.CaptureScreenshot" tests="1" failures="0" timestamp="06 Sep 2017 19:53:29 GMT" time="6.439" errors="0">
  <testcase name="tmtpSignIn" time="6.439" classname="TestSuites.CaptureScreenshot"/>
</testsuite> <!-- TestSuites.CaptureScreenshot -->
