<?xml version="1.0" encoding="UTF-8"?>
<!-- Generated by org.testng.reporters.JUnitReportReporter -->
<testsuite skipped="0" hostname="fru-5cd6476qpw.hq.ad.hilton.com" name="TestSuites.CaptureScreenshot" tests="1" failures="0" timestamp="31 Aug 2017 22:20:15 GMT" time="28.120" errors="0">
  <testcase name="anotherTest" time="28.120" classname="TestSuites.CaptureScreenshot"/>
</testsuite> <!-- TestSuites.CaptureScreenshot -->
